info: config has been save to system
info: running on port 5000
info: config has been save to system
info: running on port 5000
info: config has been save to system
info: running on port 5000
error: uncaughtException: ENOENT: no such file or directory, stat 'C:\repositories\seed\12'
Error: ENOENT: no such file or directory, stat 'C:\repositories\seed\12' {"error":{"errno":-4058,"code":"ENOENT","syscall":"stat","path":"C:\\repositories\\seed\\12"},"stack":"Error: ENOENT: no such file or directory, stat 'C:\\repositories\\seed\\12'","exception":true,"date":"Thu May 02 2019 12:11:12 GMT+0300 (Jerusalem Daylight Time)","process":{"pid":27172,"uid":null,"gid":null,"cwd":"c:\\repositories\\Seed","execPath":"C:\\Program Files\\nodejs\\node.exe","version":"v8.11.4","argv":["C:\\Program Files\\nodejs\\node.exe","c:\\repositories\\Seed\\server"],"memoryUsage":{"rss":119422976,"heapTotal":93708288,"heapUsed":56603288,"external":18328016}},"os":{"loadavg":[0,0,0],"uptime":63804.2342132},"trace":[]}
info: config has been save to system
info: running on port 5000
info: config has been save to system
info: running on port 5000
info: config has been save to system
info: running on port 5000
error: uncaughtException: ENOENT: no such file or directory, stat 'C:\repositories\seed\configdimensions'
Error: ENOENT: no such file or directory, stat 'C:\repositories\seed\configdimensions' {"error":{"errno":-4058,"code":"ENOENT","syscall":"stat","path":"C:\\repositories\\seed\\configdimensions"},"stack":"Error: ENOENT: no such file or directory, stat 'C:\\repositories\\seed\\configdimensions'","exception":true,"date":"Thu May 02 2019 12:13:47 GMT+0300 (Jerusalem Daylight Time)","process":{"pid":26388,"uid":null,"gid":null,"cwd":"c:\\repositories\\Seed","execPath":"C:\\Program Files\\nodejs\\node.exe","version":"v8.11.4","argv":["C:\\Program Files\\nodejs\\node.exe","c:\\repositories\\Seed\\server"],"memoryUsage":{"rss":55750656,"heapTotal":36560896,"heapUsed":20074896,"external":18710026}},"os":{"loadavg":[0,0,0],"uptime":63959.1872132},"trace":[]}
info: config has been save to system
info: running on port 5000
error: uncaughtException: ENOENT: no such file or directory, stat 'C:\repositories\seed\configdimensions'
Error: ENOENT: no such file or directory, stat 'C:\repositories\seed\configdimensions' {"error":{"errno":-4058,"code":"ENOENT","syscall":"stat","path":"C:\\repositories\\seed\\configdimensions"},"stack":"Error: ENOENT: no such file or directory, stat 'C:\\repositories\\seed\\configdimensions'","exception":true,"date":"Thu May 02 2019 12:16:08 GMT+0300 (Jerusalem Daylight Time)","process":{"pid":26208,"uid":null,"gid":null,"cwd":"c:\\repositories\\Seed","execPath":"C:\\Program Files\\nodejs\\node.exe","version":"v8.11.4","argv":["C:\\Program Files\\nodejs\\node.exe","c:\\repositories\\Seed\\server"],"memoryUsage":{"rss":54378496,"heapTotal":37085184,"heapUsed":19761568,"external":18674541}},"os":{"loadavg":[0,0,0],"uptime":64100.0802132},"trace":[]}
info: config has been save to system
info: running on port 5000
error: uncaughtException: ENOENT: no such file or directory, stat 'C:\repositories\seed\configdimensions'
Error: ENOENT: no such file or directory, stat 'C:\repositories\seed\configdimensions' {"error":{"errno":-4058,"code":"ENOENT","syscall":"stat","path":"C:\\repositories\\seed\\configdimensions"},"stack":"Error: ENOENT: no such file or directory, stat 'C:\\repositories\\seed\\configdimensions'","exception":true,"date":"Thu May 02 2019 12:16:47 GMT+0300 (Jerusalem Daylight Time)","process":{"pid":26652,"uid":null,"gid":null,"cwd":"c:\\repositories\\Seed","execPath":"C:\\Program Files\\nodejs\\node.exe","version":"v8.11.4","argv":["C:\\Program Files\\nodejs\\node.exe","c:\\repositories\\Seed\\server"],"memoryUsage":{"rss":56815616,"heapTotal":37085184,"heapUsed":19414736,"external":18674541}},"os":{"loadavg":[0,0,0],"uptime":64139.2902132},"trace":[]}
info: config has been save to system
info: running on port 5000
info: config has been save to system
info: running on port 5000
info: config has been save to system
info: running on port 5000
info: config has been save to system
info: running on port 5000
info: config has been save to system
info: running on port 5000
error: uncaughtException: ENOENT: no such file or directory, stat 'c:\repositories\Seed\autoConfigFoldericons'
Error: ENOENT: no such file or directory, stat 'c:\repositories\Seed\autoConfigFoldericons' {"error":{"errno":-4058,"code":"ENOENT","syscall":"stat","path":"c:\\repositories\\Seed\\autoConfigFoldericons"},"stack":"Error: ENOENT: no such file or directory, stat 'c:\\repositories\\Seed\\autoConfigFoldericons'","exception":true,"date":"Sun May 05 2019 12:07:19 GMT+0300 (Jerusalem Daylight Time)","process":{"pid":10284,"uid":null,"gid":null,"cwd":"c:\\repositories\\Seed","execPath":"C:\\Program Files\\nodejs\\node.exe","version":"v8.11.4","argv":["C:\\Program Files\\nodejs\\node.exe","c:\\repositories\\Seed\\server"],"memoryUsage":{"rss":45215744,"heapTotal":20832256,"heapUsed":18302984,"external":29625088}},"os":{"loadavg":[0,0,0],"uptime":19612.8992915},"trace":[]}
error: uncaughtException: ENOENT: no such file or directory, stat 'c:\repositories\Seed\autoConfigFoldertheme'
Error: ENOENT: no such file or directory, stat 'c:\repositories\Seed\autoConfigFoldertheme' {"error":{"errno":-4058,"code":"ENOENT","syscall":"stat","path":"c:\\repositories\\Seed\\autoConfigFoldertheme"},"stack":"Error: ENOENT: no such file or directory, stat 'c:\\repositories\\Seed\\autoConfigFoldertheme'","exception":true,"date":"Sun May 05 2019 12:07:19 GMT+0300 (Jerusalem Daylight Time)","process":{"pid":10284,"uid":null,"gid":null,"cwd":"c:\\repositories\\Seed","execPath":"C:\\Program Files\\nodejs\\node.exe","version":"v8.11.4","argv":["C:\\Program Files\\nodejs\\node.exe","c:\\repositories\\Seed\\server"],"memoryUsage":{"rss":45256704,"heapTotal":20832256,"heapUsed":18341960,"external":29625088}},"os":{"loadavg":[0,0,0],"uptime":19612.9052921},"trace":[]}
info: config has been save to system
info: running on port 5000
info: config has been save to system
info: running on port 5000
